2025-07-03 19:15:23,803 - WallpaperAnalyzer - INFO - Client connected: 8lmT0P1tuCvzX6VEAAAB
2025-07-03 19:15:32,653 - WallpaperAnalyzer - INFO - Starting analysis for directory: /Users/dhairya/Downloads/walls
2025-07-03 19:15:32,654 - WallpaperAnalyzer - INFO - Analysis parameters: {'similarity_threshold': 0.85, 'aesthetic_threshold': 0.6, 'recursive': True, 'skip_duplicates': False, 'skip_aesthetics': False, 'limit': 1000}
2025-07-03 19:15:32,656 - WallpaperAnalyzer - INFO - Using cached results
2025-07-03 19:15:32,657 - WallpaperAnalyzer - INFO - Initializing models on device: mps
2025-07-03 19:15:33,709 - WallpaperAnalyzer - INFO - Returning 327 images from cache
2025-07-03 19:15:48,833 - WallpaperAnalyzer - INFO - Client connected: HbKveUwzk68feJ1gAAAD
2025-07-03 19:16:09,818 - WallpaperAnalyzer - INFO - Starting analysis for directory: /Users/dhairya/Downloads/walls
2025-07-03 19:16:09,818 - WallpaperAnalyzer - INFO - Analysis parameters: {'similarity_threshold': 0.85, 'aesthetic_threshold': 0.6, 'recursive': True, 'skip_duplicates': False, 'skip_aesthetics': False, 'limit': 1000}
2025-07-03 19:16:09,826 - WallpaperAnalyzer - INFO - Using cached results
2025-07-03 19:16:09,834 - WallpaperAnalyzer - INFO - Initializing models on device: mps
2025-07-03 19:16:10,940 - WallpaperAnalyzer - INFO - Returning 327 images from cache
2025-07-03 19:23:01,231 - WallpaperAnalyzer - INFO - Client connected: rhOciWyUhKhz9bDfAAAB
2025-07-03 19:24:09,870 - WallpaperAnalyzer - INFO - Client connected: 4irbmYgtcpIU2fV4AAAD
2025-07-03 19:24:12,008 - WallpaperAnalyzer - INFO - Client connected: 6jXlD6kzuD0stVaAAAAF
2025-07-03 19:24:34,884 - WallpaperAnalyzer - INFO - Starting analysis for directory: /Users/dhairya/Downloads/walls
2025-07-03 19:24:34,885 - WallpaperAnalyzer - INFO - Analysis parameters: {'similarity_threshold': 0.85, 'aesthetic_threshold': 0.6, 'recursive': True, 'skip_duplicates': False, 'skip_aesthetics': False, 'limit': 1000}
2025-07-03 19:24:34,894 - WallpaperAnalyzer - INFO - Using cached results
2025-07-03 19:24:34,900 - WallpaperAnalyzer - INFO - Initializing models on device: mps
2025-07-03 19:24:36,027 - WallpaperAnalyzer - INFO - Returning 327 images from cache
2025-07-03 19:25:21,082 - WallpaperAnalyzer - INFO - Starting analysis for directory: /Users/dhairya/Downloads/walls
2025-07-03 19:25:21,083 - WallpaperAnalyzer - INFO - Analysis parameters: {'similarity_threshold': 0.85, 'aesthetic_threshold': 0.85, 'recursive': True, 'skip_duplicates': True, 'skip_aesthetics': False, 'limit': 1000}
2025-07-03 19:25:21,095 - WallpaperAnalyzer - INFO - Starting new analysis
2025-07-03 19:25:21,102 - WallpaperAnalyzer - INFO - Initializing models on device: mps
2025-07-03 19:25:22,304 - WallpaperAnalyzer - INFO - Starting analysis for /Users/dhairya/Downloads/walls
2025-07-03 19:25:22,305 - WallpaperAnalyzer - INFO - Loading image paths...
2025-07-03 19:25:22,324 - WallpaperAnalyzer - INFO - Loaded 327 image paths.
2025-07-03 19:25:22,324 - WallpaperAnalyzer - INFO - Starting feature extraction...
2025-07-03 19:25:22,324 - WallpaperAnalyzer - INFO - Processing batch 1 (128 images) [1-128 / 327] for features
2025-07-03 19:25:38,642 - WallpaperAnalyzer - INFO - Processing batch 2 (128 images) [129-256 / 327] for features
2025-07-03 19:25:52,862 - WallpaperAnalyzer - INFO - Processing batch 3 (71 images) [257-327 / 327] for features
2025-07-03 19:26:01,250 - WallpaperAnalyzer - INFO - Completed features for 327 images.
2025-07-03 19:26:01,252 - WallpaperAnalyzer - INFO - Feature extraction complete.
2025-07-03 19:26:01,253 - WallpaperAnalyzer - INFO - Starting duplicate detection...
2025-07-03 19:26:01,253 - WallpaperAnalyzer - INFO - Duplicate detection complete.
2025-07-03 19:26:01,253 - WallpaperAnalyzer - INFO - Starting clustering...
2025-07-03 19:26:45,079 - WallpaperAnalyzer - INFO - Client connected: JVPTifDLi_pndLj3AAAH
2025-07-03 19:26:45,443 - WallpaperAnalyzer - INFO - Clustering complete.
2025-07-03 19:26:45,444 - WallpaperAnalyzer - INFO - Starting aesthetic scoring...
2025-07-03 19:26:45,444 - WallpaperAnalyzer - INFO - Processing batch 1 (128 images) [1-128 / 327] for aesthetic
2025-07-03 19:26:59,783 - WallpaperAnalyzer - INFO - Processing batch 2 (128 images) [129-256 / 327] for aesthetic
2025-07-03 19:27:13,771 - WallpaperAnalyzer - INFO - Processing batch 3 (71 images) [257-327 / 327] for aesthetic
2025-07-03 19:27:21,773 - WallpaperAnalyzer - INFO - Completed aesthetic for 327 images.
2025-07-03 19:27:21,773 - WallpaperAnalyzer - INFO - Aesthetic scoring complete.
2025-07-03 19:27:21,774 - WallpaperAnalyzer - INFO - Timing: image loading: 0.02s, feature extraction: 38.93s, duplicate detection: 0.00s, clustering: 44.19s, total: 119.47s
2025-07-03 19:27:21,808 - WallpaperAnalyzer - INFO - Analysis completed
2025-07-03 19:27:21,815 - WallpaperAnalyzer - INFO - Results cached
2025-07-03 19:27:21,816 - WallpaperAnalyzer - INFO - Returning 327 images
2025-07-03 19:27:21,816 - WallpaperAnalyzer - INFO - Sending response to frontend
2025-07-03 19:34:14,783 - WallpaperAnalyzer - INFO - Client connected: NhE_A6q2F2l2gFdnAAAB
2025-07-03 19:34:27,616 - WallpaperAnalyzer - INFO - Starting analysis for directory: /Users/dhairya/Downloads/walls
2025-07-03 19:34:27,616 - WallpaperAnalyzer - INFO - Analysis parameters: {'similarity_threshold': 0.85, 'aesthetic_threshold': 0.85, 'recursive': True, 'skip_duplicates': False, 'skip_aesthetics': False, 'limit': 100}
2025-07-03 19:34:27,618 - WallpaperAnalyzer - INFO - Starting new analysis
2025-07-03 19:34:27,619 - WallpaperAnalyzer - INFO - Initializing models on device: mps
2025-07-03 19:34:28,663 - WallpaperAnalyzer - INFO - Starting analysis for /Users/dhairya/Downloads/walls
2025-07-03 19:34:28,663 - WallpaperAnalyzer - INFO - Loading image paths...
2025-07-03 19:34:28,680 - WallpaperAnalyzer - INFO - Loaded 327 image paths.
2025-07-03 19:34:28,681 - WallpaperAnalyzer - INFO - Starting feature extraction...
2025-07-03 19:34:28,681 - WallpaperAnalyzer - INFO - Processing batch 1 (128 images) [1-128 / 327] for features
2025-07-03 19:34:43,139 - WallpaperAnalyzer - INFO - Processing batch 2 (128 images) [129-256 / 327] for features
2025-07-03 19:34:57,097 - WallpaperAnalyzer - INFO - Processing batch 3 (71 images) [257-327 / 327] for features
2025-07-03 19:35:05,011 - WallpaperAnalyzer - INFO - Completed features for 327 images.
2025-07-03 19:35:05,011 - WallpaperAnalyzer - INFO - Feature extraction complete.
2025-07-03 19:35:05,011 - WallpaperAnalyzer - INFO - Starting duplicate detection...
2025-07-03 19:35:41,887 - WallpaperAnalyzer - INFO - Processing batch 1 (128 images) [1-128 / 128] for features
2025-07-03 19:35:55,775 - WallpaperAnalyzer - INFO - Completed features for 128 images.
2025-07-03 19:35:55,777 - WallpaperAnalyzer - INFO - Processing batch 1 (128 images) [1-128 / 128] for features
2025-07-03 19:36:09,582 - WallpaperAnalyzer - INFO - Completed features for 128 images.
2025-07-03 19:36:09,586 - WallpaperAnalyzer - INFO - Processing batch 1 (71 images) [1-71 / 71] for features
2025-07-03 19:36:17,497 - WallpaperAnalyzer - INFO - Completed features for 71 images.
2025-07-03 19:36:17,558 - WallpaperAnalyzer - INFO - Duplicate detection complete.
2025-07-03 19:36:17,559 - WallpaperAnalyzer - INFO - Starting clustering...
2025-07-03 19:37:00,291 - WallpaperAnalyzer - INFO - Clustering complete.
2025-07-03 19:37:00,292 - WallpaperAnalyzer - INFO - Starting aesthetic scoring...
2025-07-03 19:37:00,292 - WallpaperAnalyzer - INFO - Processing batch 1 (128 images) [1-128 / 327] for aesthetic
2025-07-03 19:37:13,633 - WallpaperAnalyzer - INFO - Processing batch 2 (128 images) [129-256 / 327] for aesthetic
2025-07-03 19:37:27,545 - WallpaperAnalyzer - INFO - Processing batch 3 (71 images) [257-327 / 327] for aesthetic
2025-07-03 19:37:35,671 - WallpaperAnalyzer - INFO - Completed aesthetic for 327 images.
2025-07-03 19:37:35,672 - WallpaperAnalyzer - INFO - Aesthetic scoring complete.
2025-07-03 19:37:35,672 - WallpaperAnalyzer - INFO - Timing: image loading: 0.02s, feature extraction: 36.33s, duplicate detection: 72.55s, clustering: 42.73s, total: 187.01s
2025-07-03 19:37:35,684 - WallpaperAnalyzer - INFO - Analysis completed
2025-07-03 19:37:35,693 - WallpaperAnalyzer - INFO - Results cached
2025-07-03 19:37:35,694 - WallpaperAnalyzer - INFO - Returning 327 images
2025-07-03 19:37:35,695 - WallpaperAnalyzer - INFO - Sending response to frontend
2025-07-03 19:37:59,293 - WallpaperAnalyzer - INFO - Client connected: 081xS44qIiCASVIdAAAD
2025-07-03 19:38:01,137 - WallpaperAnalyzer - INFO - Starting analysis for directory: /Users/dhairya/Downloads/walls
2025-07-03 19:38:01,137 - WallpaperAnalyzer - INFO - Analysis parameters: {'similarity_threshold': 0.85, 'aesthetic_threshold': 0.6, 'recursive': True, 'skip_duplicates': False, 'skip_aesthetics': False, 'limit': 1000}
2025-07-03 19:38:01,138 - WallpaperAnalyzer - INFO - Starting new analysis
2025-07-03 19:38:01,144 - WallpaperAnalyzer - INFO - Initializing models on device: mps
2025-07-03 19:38:02,156 - WallpaperAnalyzer - INFO - Starting analysis for /Users/dhairya/Downloads/walls
2025-07-03 19:38:02,156 - WallpaperAnalyzer - INFO - Loading image paths...
2025-07-03 19:38:02,175 - WallpaperAnalyzer - INFO - Loaded 327 image paths.
2025-07-03 19:38:02,176 - WallpaperAnalyzer - INFO - Starting feature extraction...
2025-07-03 19:38:02,176 - WallpaperAnalyzer - INFO - Processing batch 1 (128 images) [1-128 / 327] for features
2025-07-03 19:40:00,951 - WallpaperAnalyzer - INFO - Client connected: 0Zp2iD6L9Z87wXMqAAAC
2025-07-03 19:40:13,227 - WallpaperAnalyzer - INFO - Starting analysis for directory: /Users/dhairya/Downloads/walls
2025-07-03 19:40:13,228 - WallpaperAnalyzer - INFO - Analysis parameters: {'similarity_threshold': 0.85, 'aesthetic_threshold': 0.85, 'recursive': True, 'skip_duplicates': True, 'skip_aesthetics': False, 'limit': 100}
2025-07-03 19:40:13,230 - WallpaperAnalyzer - INFO - Starting new analysis
2025-07-03 19:40:13,231 - WallpaperAnalyzer - INFO - Initializing models on device: mps
2025-07-03 19:40:14,411 - WallpaperAnalyzer - INFO - Starting analysis for /Users/dhairya/Downloads/walls
2025-07-03 19:40:14,412 - WallpaperAnalyzer - INFO - Loading image paths...
2025-07-03 19:40:14,432 - WallpaperAnalyzer - INFO - Loaded 327 image paths.
2025-07-03 19:40:14,432 - WallpaperAnalyzer - INFO - Starting feature extraction...
2025-07-03 19:40:14,432 - WallpaperAnalyzer - INFO - Processing batch 1 (128 images) [1-128 / 327] for features
2025-07-03 19:40:28,988 - WallpaperAnalyzer - INFO - Processing batch 2 (128 images) [129-256 / 327] for features
2025-07-03 19:40:43,342 - WallpaperAnalyzer - INFO - Processing batch 3 (71 images) [257-327 / 327] for features
2025-07-03 19:42:21,956 - WallpaperAnalyzer - INFO - Client connected: r64iqf8SgEtOU46WAAAC
2025-07-03 19:42:23,445 - WallpaperAnalyzer - INFO - Starting analysis for directory: /Users/dhairya/Downloads/walls
2025-07-03 19:42:23,445 - WallpaperAnalyzer - INFO - Analysis parameters: {'similarity_threshold': 0.85, 'aesthetic_threshold': 0.6, 'recursive': True, 'skip_duplicates': False, 'skip_aesthetics': False, 'limit': 1000}
2025-07-03 19:42:23,446 - WallpaperAnalyzer - INFO - Starting new analysis
2025-07-03 19:42:23,447 - WallpaperAnalyzer - INFO - Initializing models on device: mps
2025-07-03 19:42:24,526 - WallpaperAnalyzer - INFO - Starting analysis for /Users/dhairya/Downloads/walls
2025-07-03 19:42:24,527 - WallpaperAnalyzer - INFO - Loading image paths...
2025-07-03 19:42:24,547 - WallpaperAnalyzer - INFO - Loaded 327 image paths.
2025-07-03 19:42:24,547 - WallpaperAnalyzer - INFO - Starting feature extraction...
2025-07-03 19:42:24,547 - WallpaperAnalyzer - INFO - Processing batch 1 (128 images) [1-128 / 327] for features
2025-07-03 19:42:43,317 - WallpaperAnalyzer - INFO - Processing batch 2 (128 images) [129-256 / 327] for features
2025-07-03 19:42:58,763 - WallpaperAnalyzer - INFO - Processing batch 3 (71 images) [257-327 / 327] for features
2025-07-03 19:43:14,653 - WallpaperAnalyzer - INFO - Client connected: puIuReAXeM1ql1kaAAAB
2025-07-03 19:43:18,193 - WallpaperAnalyzer - INFO - Starting analysis for directory: /Users/dhairya/Downloads/walls
2025-07-03 19:43:18,194 - WallpaperAnalyzer - INFO - Analysis parameters: {'similarity_threshold': 0.85, 'aesthetic_threshold': 0.85, 'recursive': True, 'skip_duplicates': True, 'skip_aesthetics': False, 'limit': 100}
2025-07-03 19:43:18,195 - WallpaperAnalyzer - INFO - Starting new analysis
2025-07-03 19:43:18,195 - WallpaperAnalyzer - INFO - Initializing models on device: mps
2025-07-03 19:43:19,279 - WallpaperAnalyzer - INFO - Starting analysis for /Users/dhairya/Downloads/walls
2025-07-03 19:43:19,279 - WallpaperAnalyzer - INFO - Loading image paths...
2025-07-03 19:43:19,285 - WallpaperAnalyzer - INFO - Loaded 100 image paths.
2025-07-03 19:43:19,286 - WallpaperAnalyzer - INFO - Starting feature extraction...
2025-07-03 19:43:19,286 - WallpaperAnalyzer - INFO - Processing batch 1 (100 images) [1-100 / 100] for features
2025-07-03 19:43:30,673 - WallpaperAnalyzer - INFO - Completed features for 100 images.
2025-07-03 19:43:30,680 - WallpaperAnalyzer - INFO - Feature extraction complete.
2025-07-03 19:43:30,680 - WallpaperAnalyzer - INFO - Starting duplicate detection...
2025-07-03 19:43:30,680 - WallpaperAnalyzer - INFO - Duplicate detection complete.
2025-07-03 19:43:30,680 - WallpaperAnalyzer - INFO - Starting clustering...
2025-07-03 19:43:43,657 - WallpaperAnalyzer - INFO - Clustering complete.
2025-07-03 19:43:43,659 - WallpaperAnalyzer - INFO - Starting aesthetic scoring...
2025-07-03 19:43:43,659 - WallpaperAnalyzer - INFO - Processing batch 1 (100 images) [1-100 / 100] for aesthetic
2025-07-03 19:43:53,611 - WallpaperAnalyzer - INFO - Completed aesthetic for 100 images.
2025-07-03 19:43:53,613 - WallpaperAnalyzer - INFO - Aesthetic scoring complete.
2025-07-03 19:43:53,613 - WallpaperAnalyzer - INFO - Timing: image loading: 0.01s, feature extraction: 11.39s, duplicate detection: 0.00s, clustering: 12.98s, total: 34.33s
2025-07-03 19:43:53,615 - WallpaperAnalyzer - INFO - Analysis completed
2025-07-03 19:43:53,622 - WallpaperAnalyzer - INFO - Results cached
2025-07-03 19:43:53,622 - WallpaperAnalyzer - INFO - Returning 100 images
2025-07-03 19:43:53,622 - WallpaperAnalyzer - INFO - Sending response to frontend
2025-07-03 19:47:21,242 - WallpaperAnalyzer - INFO - Starting analysis for directory: /Users/dhairya/Downloads/walls
2025-07-03 19:47:21,244 - WallpaperAnalyzer - INFO - Analysis parameters: {'similarity_threshold': 0.85, 'aesthetic_threshold': 0.85, 'recursive': True, 'skip_duplicates': False, 'skip_aesthetics': False, 'limit': 1000}
2025-07-03 19:47:21,245 - WallpaperAnalyzer - INFO - Starting new analysis
2025-07-03 19:47:21,248 - WallpaperAnalyzer - INFO - Initializing models on device: mps
2025-07-03 19:47:22,421 - WallpaperAnalyzer - INFO - Starting analysis for /Users/dhairya/Downloads/walls
2025-07-03 19:47:22,421 - WallpaperAnalyzer - INFO - Loading image paths...
2025-07-03 19:47:22,439 - WallpaperAnalyzer - INFO - Loaded 327 image paths.
2025-07-03 19:47:22,439 - WallpaperAnalyzer - INFO - Starting feature extraction...
2025-07-03 19:47:22,439 - WallpaperAnalyzer - INFO - Processing batch 1 (128 images) [1-128 / 327] for features
2025-07-03 19:47:36,943 - WallpaperAnalyzer - INFO - Processing batch 2 (128 images) [129-256 / 327] for features
2025-07-03 19:47:51,112 - WallpaperAnalyzer - INFO - Processing batch 3 (71 images) [257-327 / 327] for features
2025-07-03 19:47:59,048 - WallpaperAnalyzer - INFO - Completed features for 327 images.
2025-07-03 19:47:59,049 - WallpaperAnalyzer - INFO - Feature extraction complete.
2025-07-03 19:47:59,049 - WallpaperAnalyzer - INFO - Starting duplicate detection...
2025-07-03 19:48:35,814 - WallpaperAnalyzer - INFO - Processing batch 1 (128 images) [1-128 / 128] for features
2025-07-03 19:48:49,947 - WallpaperAnalyzer - INFO - Completed features for 128 images.
2025-07-03 19:48:49,950 - WallpaperAnalyzer - INFO - Processing batch 1 (128 images) [1-128 / 128] for features
2025-07-03 19:49:05,128 - WallpaperAnalyzer - INFO - Completed features for 128 images.
2025-07-03 19:49:05,149 - WallpaperAnalyzer - INFO - Processing batch 1 (71 images) [1-71 / 71] for features
2025-07-03 19:49:14,108 - WallpaperAnalyzer - INFO - Completed features for 71 images.
2025-07-03 19:49:14,208 - WallpaperAnalyzer - INFO - Duplicate detection complete.
2025-07-03 19:49:14,208 - WallpaperAnalyzer - INFO - Starting clustering...
2025-07-03 19:49:57,023 - WallpaperAnalyzer - INFO - Clustering complete.
2025-07-03 19:49:57,024 - WallpaperAnalyzer - INFO - Starting aesthetic scoring...
2025-07-03 19:49:57,024 - WallpaperAnalyzer - INFO - Processing batch 1 (128 images) [1-128 / 327] for aesthetic
2025-07-03 19:50:11,059 - WallpaperAnalyzer - INFO - Processing batch 2 (128 images) [129-256 / 327] for aesthetic
2025-07-03 19:50:25,096 - WallpaperAnalyzer - INFO - Processing batch 3 (71 images) [257-327 / 327] for aesthetic
2025-07-03 19:50:33,547 - WallpaperAnalyzer - INFO - Completed aesthetic for 327 images.
2025-07-03 19:50:33,548 - WallpaperAnalyzer - INFO - Aesthetic scoring complete.
2025-07-03 19:50:33,549 - WallpaperAnalyzer - INFO - Timing: image loading: 0.02s, feature extraction: 36.61s, duplicate detection: 75.16s, clustering: 42.82s, total: 191.13s
2025-07-03 19:50:33,631 - WallpaperAnalyzer - INFO - Analysis completed
2025-07-03 19:50:33,667 - WallpaperAnalyzer - INFO - Results cached
2025-07-03 19:50:33,672 - WallpaperAnalyzer - INFO - Returning 327 images
2025-07-03 19:50:33,673 - WallpaperAnalyzer - INFO - Sending response to frontend
2025-07-03 19:57:07,134 - WallpaperAnalyzer - INFO - Starting analysis for directory: /Users/dhairya/Downloads/walls
2025-07-03 19:57:07,136 - WallpaperAnalyzer - INFO - Analysis parameters: {'similarity_threshold': 0.85, 'aesthetic_threshold': 0.85, 'recursive': True, 'skip_duplicates': False, 'skip_aesthetics': False, 'limit': 1000}
2025-07-03 19:57:07,142 - WallpaperAnalyzer - INFO - Using cached results
2025-07-03 19:57:07,151 - WallpaperAnalyzer - INFO - Initializing models on device: mps
2025-07-03 19:57:08,326 - WallpaperAnalyzer - INFO - Returning 327 images from cache
2025-07-03 19:59:11,209 - WallpaperAnalyzer - INFO - Starting analysis for directory: /Users/dhairya/Downloads/walls
2025-07-03 19:59:11,211 - WallpaperAnalyzer - INFO - Analysis parameters: {'similarity_threshold': 0.85, 'aesthetic_threshold': 0.85, 'recursive': True, 'skip_duplicates': False, 'skip_aesthetics': False, 'limit': 1000}
2025-07-03 19:59:11,217 - WallpaperAnalyzer - INFO - Using cached results
2025-07-03 19:59:11,222 - WallpaperAnalyzer - INFO - Initializing models on device: mps
2025-07-03 19:59:12,377 - WallpaperAnalyzer - INFO - Returning 327 images from cache
2025-07-03 20:00:11,940 - WallpaperAnalyzer - INFO - Starting analysis for directory: /Users/dhairya/Downloads/walls
2025-07-03 20:00:11,942 - WallpaperAnalyzer - INFO - Analysis parameters: {'similarity_threshold': 0.85, 'aesthetic_threshold': 0.85, 'recursive': True, 'skip_duplicates': False, 'skip_aesthetics': False, 'limit': 1000}
2025-07-03 20:00:11,948 - WallpaperAnalyzer - INFO - Using cached results
2025-07-03 20:00:11,952 - WallpaperAnalyzer - INFO - Initializing models on device: mps
2025-07-03 20:00:13,147 - WallpaperAnalyzer - INFO - Returning 327 images from cache
2025-07-03 20:04:32,281 - WallpaperAnalyzer - INFO - Starting analysis for directory: /Users/dhairya/Downloads/walls
2025-07-03 20:04:32,283 - WallpaperAnalyzer - INFO - Analysis parameters: {'similarity_threshold': 0.85, 'aesthetic_threshold': 0.85, 'recursive': True, 'skip_duplicates': False, 'skip_aesthetics': False, 'limit': 1000}
2025-07-03 20:04:32,296 - WallpaperAnalyzer - INFO - Using cached results
2025-07-03 20:04:32,299 - WallpaperAnalyzer - INFO - Initializing models on device: mps
2025-07-03 20:04:33,452 - WallpaperAnalyzer - INFO - Returning 327 images from cache
